<?xml version="1.0" encoding="UTF-8"?>
<!-- Generated by org.testng.reporters.JUnitReportReporter -->
<testsuite hostname="LAPTOP-HEPN219V" failures="0" tests="2" name="Rest_testing.Trello_rest_assured" time="9.007" errors="0" timestamp="15 Nov 2022 07:51:35 GMT">
  <testcase classname="Rest_testing.Trello_rest_assured" name="get_tc2" time="7.311"/>
  <testcase classname="Rest_testing.Trello_rest_assured" name="get_tc3" time="1.696"/>
</testsuite> <!-- Rest_testing.Trello_rest_assured -->
